<?xml version="1.0" encoding="UTF-8"?>
<testsuite xmlns:xsi="http://www.w3.org/2001/XMLSchema-instance" xsi:noNamespaceSchemaLocation="https://maven.apache.org/surefire/maven-surefire-plugin/xsd/surefire-test-report.xsd" name="edu.brandeis.cosi103a.groupe.engineTests.GameEngineTest" time="0.019" tests="6" errors="0" skipped="0" failures="0">
  <properties>
    <property name="java.specification.version" value="24"/>
    <property name="sun.jnu.encoding" value="UTF-8"/>
    <property name="java.class.path" value="/workspaces/group-e/automation/target/test-classes:/workspaces/group-e/automation/target/classes:/home/vscode/.m2/repository/junit/junit/4.11/junit-4.11.jar:/home/vscode/.m2/repository/org/hamcrest/hamcrest-core/1.3/hamcrest-core-1.3.jar:/home/vscode/.m2/repository/io/github/brandeis-cosi-103a/atg-api/2.4.1/atg-api-2.4.1.jar:/home/vscode/.m2/repository/com/fasterxml/jackson/core/jackson-databind/2.18.2/jackson-databind-2.18.2.jar:/home/vscode/.m2/repository/com/fasterxml/jackson/core/jackson-annotations/2.18.2/jackson-annotations-2.18.2.jar:/home/vscode/.m2/repository/com/fasterxml/jackson/core/jackson-core/2.18.2/jackson-core-2.18.2.jar:/home/vscode/.m2/repository/com/squareup/okhttp3/okhttp/4.12.0/okhttp-4.12.0.jar:/home/vscode/.m2/repository/com/squareup/okio/okio/3.6.0/okio-3.6.0.jar:/home/vscode/.m2/repository/com/squareup/okio/okio-jvm/3.6.0/okio-jvm-3.6.0.jar:/home/vscode/.m2/repository/org/jetbrains/kotlin/kotlin-stdlib-common/1.9.10/kotlin-stdlib-common-1.9.10.jar:/home/vscode/.m2/repository/org/jetbrains/kotlin/kotlin-stdlib-jdk8/1.8.21/kotlin-stdlib-jdk8-1.8.21.jar:/home/vscode/.m2/repository/org/jetbrains/kotlin/kotlin-stdlib/1.8.21/kotlin-stdlib-1.8.21.jar:/home/vscode/.m2/repository/org/jetbrains/kotlin/kotlin-stdlib-jdk7/1.8.21/kotlin-stdlib-jdk7-1.8.21.jar:/home/vscode/.m2/repository/org/mockito/mockito-core/4.11.0/mockito-core-4.11.0.jar:/home/vscode/.m2/repository/net/bytebuddy/byte-buddy/1.12.19/byte-buddy-1.12.19.jar:/home/vscode/.m2/repository/net/bytebuddy/byte-buddy-agent/1.12.19/byte-buddy-agent-1.12.19.jar:/home/vscode/.m2/repository/org/objenesis/objenesis/3.3/objenesis-3.3.jar:/home/vscode/.m2/repository/com/intellectualsites/plotsquared/plotsquared-core/7.5.1/plotsquared-core-7.5.1.jar:/home/vscode/.m2/repository/net/kyori/adventure-api/4.19.0/adventure-api-4.19.0.jar:/home/vscode/.m2/repository/net/kyori/adventure-key/4.19.0/adventure-key-4.19.0.jar:/home/vscode/.m2/repository/net/kyori/examination-api/1.3.0/examination-api-1.3.0.jar:/home/vscode/.m2/repository/net/kyori/examination-string/1.3.0/examination-string-1.3.0.jar:/home/vscode/.m2/repository/org/jetbrains/annotations/26.0.2/annotations-26.0.2.jar:/home/vscode/.m2/repository/net/kyori/adventure-text-minimessage/4.19.0/adventure-text-minimessage-4.19.0.jar:/home/vscode/.m2/repository/com/google/inject/guice/7.0.0/guice-7.0.0.jar:/home/vscode/.m2/repository/jakarta/inject/jakarta.inject-api/2.0.1/jakarta.inject-api-2.0.1.jar:/home/vscode/.m2/repository/com/google/inject/extensions/guice-assistedinject/7.0.0/guice-assistedinject-7.0.0.jar:/home/vscode/.m2/repository/com/github/spotbugs/spotbugs-annotations/4.9.1/spotbugs-annotations-4.9.1.jar:/home/vscode/.m2/repository/com/intellectualsites/prtree/PRTree/2.0.1/PRTree-2.0.1.jar:/home/vscode/.m2/repository/aopalliance/aopalliance/1.0/aopalliance-1.0.jar:/home/vscode/.m2/repository/cloud/commandframework/cloud-services/1.8.4/cloud-services-1.8.4.jar:/home/vscode/.m2/repository/io/leangen/geantyref/geantyref/1.3.13/geantyref-1.3.13.jar:/home/vscode/.m2/repository/org/apiguardian/apiguardian-api/1.1.2/apiguardian-api-1.1.2.jar:/home/vscode/.m2/repository/com/intellectualsites/arkitektonika/Arkitektonika-Client/2.1.3/Arkitektonika-Client-2.1.3.jar:/home/vscode/.m2/repository/com/intellectualsites/http/HTTP4J/1.3/HTTP4J-1.3.jar:/home/vscode/.m2/repository/com/intellectualsites/paster/Paster/1.1.6/Paster-1.1.6.jar:/home/vscode/.m2/repository/com/intellectualsites/informative-annotations/informative-annotations/1.5/informative-annotations-1.5.jar:/home/vscode/.m2/repository/org/checkerframework/checker-qual/3.49.0/checker-qual-3.49.0.jar:/home/vscode/.m2/repository/com/google/code/gson/gson/2.10/gson-2.10.jar:/home/vscode/.m2/repository/org/yaml/snakeyaml/2.0/snakeyaml-2.0.jar:/home/vscode/.m2/repository/org/apache/logging/log4j/log4j-api/2.19.0/log4j-api-2.19.0.jar:/home/vscode/.m2/repository/org/springframework/boot/spring-boot-starter-web/3.2.0/spring-boot-starter-web-3.2.0.jar:/home/vscode/.m2/repository/org/springframework/boot/spring-boot-starter/3.2.0/spring-boot-starter-3.2.0.jar:/home/vscode/.m2/repository/org/springframework/boot/spring-boot/3.2.0/spring-boot-3.2.0.jar:/home/vscode/.m2/repository/org/springframework/boot/spring-boot-autoconfigure/3.2.0/spring-boot-autoconfigure-3.2.0.jar:/home/vscode/.m2/repository/org/springframework/boot/spring-boot-starter-logging/3.2.0/spring-boot-starter-logging-3.2.0.jar:/home/vscode/.m2/repository/ch/qos/logback/logback-classic/1.4.11/logback-classic-1.4.11.jar:/home/vscode/.m2/repository/ch/qos/logback/logback-core/1.4.11/logback-core-1.4.11.jar:/home/vscode/.m2/repository/org/slf4j/slf4j-api/2.0.7/slf4j-api-2.0.7.jar:/home/vscode/.m2/repository/org/apache/logging/log4j/log4j-to-slf4j/2.21.1/log4j-to-slf4j-2.21.1.jar:/home/vscode/.m2/repository/org/slf4j/jul-to-slf4j/2.0.9/jul-to-slf4j-2.0.9.jar:/home/vscode/.m2/repository/jakarta/annotation/jakarta.annotation-api/2.1.1/jakarta.annotation-api-2.1.1.jar:/home/vscode/.m2/repository/org/springframework/spring-core/6.1.1/spring-core-6.1.1.jar:/home/vscode/.m2/repository/org/springframework/spring-jcl/6.1.1/spring-jcl-6.1.1.jar:/home/vscode/.m2/repository/org/springframework/boot/spring-boot-starter-json/3.2.0/spring-boot-starter-json-3.2.0.jar:/home/vscode/.m2/repository/com/fasterxml/jackson/datatype/jackson-datatype-jdk8/2.15.3/jackson-datatype-jdk8-2.15.3.jar:/home/vscode/.m2/repository/com/fasterxml/jackson/datatype/jackson-datatype-jsr310/2.15.3/jackson-datatype-jsr310-2.15.3.jar:/home/vscode/.m2/repository/com/fasterxml/jackson/module/jackson-module-parameter-names/2.15.3/jackson-module-parameter-names-2.15.3.jar:/home/vscode/.m2/repository/org/springframework/boot/spring-boot-starter-tomcat/3.2.0/spring-boot-starter-tomcat-3.2.0.jar:/home/vscode/.m2/repository/org/apache/tomcat/embed/tomcat-embed-core/10.1.16/tomcat-embed-core-10.1.16.jar:/home/vscode/.m2/repository/org/apache/tomcat/embed/tomcat-embed-el/10.1.16/tomcat-embed-el-10.1.16.jar:/home/vscode/.m2/repository/org/apache/tomcat/embed/tomcat-embed-websocket/10.1.16/tomcat-embed-websocket-10.1.16.jar:/home/vscode/.m2/repository/org/springframework/spring-web/6.1.1/spring-web-6.1.1.jar:/home/vscode/.m2/repository/org/springframework/spring-beans/6.1.1/spring-beans-6.1.1.jar:/home/vscode/.m2/repository/io/micrometer/micrometer-observation/1.12.0/micrometer-observation-1.12.0.jar:/home/vscode/.m2/repository/io/micrometer/micrometer-commons/1.12.0/micrometer-commons-1.12.0.jar:/home/vscode/.m2/repository/org/springframework/spring-webmvc/6.1.1/spring-webmvc-6.1.1.jar:/home/vscode/.m2/repository/org/springframework/spring-aop/6.1.1/spring-aop-6.1.1.jar:/home/vscode/.m2/repository/org/springframework/spring-context/6.1.1/spring-context-6.1.1.jar:/home/vscode/.m2/repository/org/springframework/spring-expression/6.1.1/spring-expression-6.1.1.jar:/home/vscode/.m2/repository/com/google/guava/guava/33.2.0-jre/guava-33.2.0-jre.jar:/home/vscode/.m2/repository/com/google/guava/failureaccess/1.0.2/failureaccess-1.0.2.jar:/home/vscode/.m2/repository/com/google/guava/listenablefuture/9999.0-empty-to-avoid-conflict-with-guava/listenablefuture-9999.0-empty-to-avoid-conflict-with-guava.jar:/home/vscode/.m2/repository/com/google/code/findbugs/jsr305/3.0.2/jsr305-3.0.2.jar:/home/vscode/.m2/repository/com/google/errorprone/error_prone_annotations/2.26.1/error_prone_annotations-2.26.1.jar:/home/vscode/.m2/repository/com/google/j2objc/j2objc-annotations/3.0.0/j2objc-annotations-3.0.0.jar:"/>
    <property name="java.vm.vendor" value="Eclipse Adoptium"/>
    <property name="sun.arch.data.model" value="64"/>
    <property name="java.vendor.url" value="https://adoptium.net/"/>
    <property name="os.name" value="Linux"/>
    <property name="java.vm.specification.version" value="24"/>
    <property name="sun.java.launcher" value="SUN_STANDARD"/>
    <property name="user.country" value="US"/>
    <property name="sun.boot.library.path" value="/usr/local/sdkman/candidates/java/24.0.1-tem/lib"/>
    <property name="sun.java.command" value="/workspaces/group-e/automation/target/surefire/surefirebooter469237086681581045.jar /workspaces/group-e/automation/target/surefire 2025-04-25T17-55-18_231-jvmRun1 surefire12115158539570062742tmp surefire_010061551437006955252tmp"/>
    <property name="jdk.debug" value="release"/>
    <property name="surefire.test.class.path" value="/workspaces/group-e/automation/target/test-classes:/workspaces/group-e/automation/target/classes:/home/vscode/.m2/repository/junit/junit/4.11/junit-4.11.jar:/home/vscode/.m2/repository/org/hamcrest/hamcrest-core/1.3/hamcrest-core-1.3.jar:/home/vscode/.m2/repository/io/github/brandeis-cosi-103a/atg-api/2.4.1/atg-api-2.4.1.jar:/home/vscode/.m2/repository/com/fasterxml/jackson/core/jackson-databind/2.18.2/jackson-databind-2.18.2.jar:/home/vscode/.m2/repository/com/fasterxml/jackson/core/jackson-annotations/2.18.2/jackson-annotations-2.18.2.jar:/home/vscode/.m2/repository/com/fasterxml/jackson/core/jackson-core/2.18.2/jackson-core-2.18.2.jar:/home/vscode/.m2/repository/com/squareup/okhttp3/okhttp/4.12.0/okhttp-4.12.0.jar:/home/vscode/.m2/repository/com/squareup/okio/okio/3.6.0/okio-3.6.0.jar:/home/vscode/.m2/repository/com/squareup/okio/okio-jvm/3.6.0/okio-jvm-3.6.0.jar:/home/vscode/.m2/repository/org/jetbrains/kotlin/kotlin-stdlib-common/1.9.10/kotlin-stdlib-common-1.9.10.jar:/home/vscode/.m2/repository/org/jetbrains/kotlin/kotlin-stdlib-jdk8/1.8.21/kotlin-stdlib-jdk8-1.8.21.jar:/home/vscode/.m2/repository/org/jetbrains/kotlin/kotlin-stdlib/1.8.21/kotlin-stdlib-1.8.21.jar:/home/vscode/.m2/repository/org/jetbrains/kotlin/kotlin-stdlib-jdk7/1.8.21/kotlin-stdlib-jdk7-1.8.21.jar:/home/vscode/.m2/repository/org/mockito/mockito-core/4.11.0/mockito-core-4.11.0.jar:/home/vscode/.m2/repository/net/bytebuddy/byte-buddy/1.12.19/byte-buddy-1.12.19.jar:/home/vscode/.m2/repository/net/bytebuddy/byte-buddy-agent/1.12.19/byte-buddy-agent-1.12.19.jar:/home/vscode/.m2/repository/org/objenesis/objenesis/3.3/objenesis-3.3.jar:/home/vscode/.m2/repository/com/intellectualsites/plotsquared/plotsquared-core/7.5.1/plotsquared-core-7.5.1.jar:/home/vscode/.m2/repository/net/kyori/adventure-api/4.19.0/adventure-api-4.19.0.jar:/home/vscode/.m2/repository/net/kyori/adventure-key/4.19.0/adventure-key-4.19.0.jar:/home/vscode/.m2/repository/net/kyori/examination-api/1.3.0/examination-api-1.3.0.jar:/home/vscode/.m2/repository/net/kyori/examination-string/1.3.0/examination-string-1.3.0.jar:/home/vscode/.m2/repository/org/jetbrains/annotations/26.0.2/annotations-26.0.2.jar:/home/vscode/.m2/repository/net/kyori/adventure-text-minimessage/4.19.0/adventure-text-minimessage-4.19.0.jar:/home/vscode/.m2/repository/com/google/inject/guice/7.0.0/guice-7.0.0.jar:/home/vscode/.m2/repository/jakarta/inject/jakarta.inject-api/2.0.1/jakarta.inject-api-2.0.1.jar:/home/vscode/.m2/repository/com/google/inject/extensions/guice-assistedinject/7.0.0/guice-assistedinject-7.0.0.jar:/home/vscode/.m2/repository/com/github/spotbugs/spotbugs-annotations/4.9.1/spotbugs-annotations-4.9.1.jar:/home/vscode/.m2/repository/com/intellectualsites/prtree/PRTree/2.0.1/PRTree-2.0.1.jar:/home/vscode/.m2/repository/aopalliance/aopalliance/1.0/aopalliance-1.0.jar:/home/vscode/.m2/repository/cloud/commandframework/cloud-services/1.8.4/cloud-services-1.8.4.jar:/home/vscode/.m2/repository/io/leangen/geantyref/geantyref/1.3.13/geantyref-1.3.13.jar:/home/vscode/.m2/repository/org/apiguardian/apiguardian-api/1.1.2/apiguardian-api-1.1.2.jar:/home/vscode/.m2/repository/com/intellectualsites/arkitektonika/Arkitektonika-Client/2.1.3/Arkitektonika-Client-2.1.3.jar:/home/vscode/.m2/repository/com/intellectualsites/http/HTTP4J/1.3/HTTP4J-1.3.jar:/home/vscode/.m2/repository/com/intellectualsites/paster/Paster/1.1.6/Paster-1.1.6.jar:/home/vscode/.m2/repository/com/intellectualsites/informative-annotations/informative-annotations/1.5/informative-annotations-1.5.jar:/home/vscode/.m2/repository/org/checkerframework/checker-qual/3.49.0/checker-qual-3.49.0.jar:/home/vscode/.m2/repository/com/google/code/gson/gson/2.10/gson-2.10.jar:/home/vscode/.m2/repository/org/yaml/snakeyaml/2.0/snakeyaml-2.0.jar:/home/vscode/.m2/repository/org/apache/logging/log4j/log4j-api/2.19.0/log4j-api-2.19.0.jar:/home/vscode/.m2/repository/org/springframework/boot/spring-boot-starter-web/3.2.0/spring-boot-starter-web-3.2.0.jar:/home/vscode/.m2/repository/org/springframework/boot/spring-boot-starter/3.2.0/spring-boot-starter-3.2.0.jar:/home/vscode/.m2/repository/org/springframework/boot/spring-boot/3.2.0/spring-boot-3.2.0.jar:/home/vscode/.m2/repository/org/springframework/boot/spring-boot-autoconfigure/3.2.0/spring-boot-autoconfigure-3.2.0.jar:/home/vscode/.m2/repository/org/springframework/boot/spring-boot-starter-logging/3.2.0/spring-boot-starter-logging-3.2.0.jar:/home/vscode/.m2/repository/ch/qos/logback/logback-classic/1.4.11/logback-classic-1.4.11.jar:/home/vscode/.m2/repository/ch/qos/logback/logback-core/1.4.11/logback-core-1.4.11.jar:/home/vscode/.m2/repository/org/slf4j/slf4j-api/2.0.7/slf4j-api-2.0.7.jar:/home/vscode/.m2/repository/org/apache/logging/log4j/log4j-to-slf4j/2.21.1/log4j-to-slf4j-2.21.1.jar:/home/vscode/.m2/repository/org/slf4j/jul-to-slf4j/2.0.9/jul-to-slf4j-2.0.9.jar:/home/vscode/.m2/repository/jakarta/annotation/jakarta.annotation-api/2.1.1/jakarta.annotation-api-2.1.1.jar:/home/vscode/.m2/repository/org/springframework/spring-core/6.1.1/spring-core-6.1.1.jar:/home/vscode/.m2/repository/org/springframework/spring-jcl/6.1.1/spring-jcl-6.1.1.jar:/home/vscode/.m2/repository/org/springframework/boot/spring-boot-starter-json/3.2.0/spring-boot-starter-json-3.2.0.jar:/home/vscode/.m2/repository/com/fasterxml/jackson/datatype/jackson-datatype-jdk8/2.15.3/jackson-datatype-jdk8-2.15.3.jar:/home/vscode/.m2/repository/com/fasterxml/jackson/datatype/jackson-datatype-jsr310/2.15.3/jackson-datatype-jsr310-2.15.3.jar:/home/vscode/.m2/repository/com/fasterxml/jackson/module/jackson-module-parameter-names/2.15.3/jackson-module-parameter-names-2.15.3.jar:/home/vscode/.m2/repository/org/springframework/boot/spring-boot-starter-tomcat/3.2.0/spring-boot-starter-tomcat-3.2.0.jar:/home/vscode/.m2/repository/org/apache/tomcat/embed/tomcat-embed-core/10.1.16/tomcat-embed-core-10.1.16.jar:/home/vscode/.m2/repository/org/apache/tomcat/embed/tomcat-embed-el/10.1.16/tomcat-embed-el-10.1.16.jar:/home/vscode/.m2/repository/org/apache/tomcat/embed/tomcat-embed-websocket/10.1.16/tomcat-embed-websocket-10.1.16.jar:/home/vscode/.m2/repository/org/springframework/spring-web/6.1.1/spring-web-6.1.1.jar:/home/vscode/.m2/repository/org/springframework/spring-beans/6.1.1/spring-beans-6.1.1.jar:/home/vscode/.m2/repository/io/micrometer/micrometer-observation/1.12.0/micrometer-observation-1.12.0.jar:/home/vscode/.m2/repository/io/micrometer/micrometer-commons/1.12.0/micrometer-commons-1.12.0.jar:/home/vscode/.m2/repository/org/springframework/spring-webmvc/6.1.1/spring-webmvc-6.1.1.jar:/home/vscode/.m2/repository/org/springframework/spring-aop/6.1.1/spring-aop-6.1.1.jar:/home/vscode/.m2/repository/org/springframework/spring-context/6.1.1/spring-context-6.1.1.jar:/home/vscode/.m2/repository/org/springframework/spring-expression/6.1.1/spring-expression-6.1.1.jar:/home/vscode/.m2/repository/com/google/guava/guava/33.2.0-jre/guava-33.2.0-jre.jar:/home/vscode/.m2/repository/com/google/guava/failureaccess/1.0.2/failureaccess-1.0.2.jar:/home/vscode/.m2/repository/com/google/guava/listenablefuture/9999.0-empty-to-avoid-conflict-with-guava/listenablefuture-9999.0-empty-to-avoid-conflict-with-guava.jar:/home/vscode/.m2/repository/com/google/code/findbugs/jsr305/3.0.2/jsr305-3.0.2.jar:/home/vscode/.m2/repository/com/google/errorprone/error_prone_annotations/2.26.1/error_prone_annotations-2.26.1.jar:/home/vscode/.m2/repository/com/google/j2objc/j2objc-annotations/3.0.0/j2objc-annotations-3.0.0.jar:"/>
    <property name="sun.cpu.endian" value="little"/>
    <property name="user.home" value="/home/vscode"/>
    <property name="user.language" value="en"/>
    <property name="java.specification.vendor" value="Oracle Corporation"/>
    <property name="java.version.date" value="2025-04-15"/>
    <property name="java.home" value="/usr/local/sdkman/candidates/java/24.0.1-tem"/>
    <property name="file.separator" value="/"/>
    <property name="basedir" value="/workspaces/group-e/automation"/>
    <property name="java.vm.compressedOopsMode" value="32-bit"/>
    <property name="line.separator" value="&#10;"/>
    <property name="java.specification.name" value="Java Platform API Specification"/>
    <property name="java.vm.specification.vendor" value="Oracle Corporation"/>
    <property name="surefire.real.class.path" value="/workspaces/group-e/automation/target/surefire/surefirebooter469237086681581045.jar"/>
    <property name="sun.management.compiler" value="HotSpot 64-Bit Tiered Compilers"/>
    <property name="java.runtime.version" value="24.0.1+9"/>
    <property name="user.name" value="vscode"/>
    <property name="stdout.encoding" value="UTF-8"/>
    <property name="path.separator" value=":"/>
    <property name="os.version" value="6.10.14-linuxkit"/>
    <property name="java.runtime.name" value="OpenJDK Runtime Environment"/>
    <property name="file.encoding" value="UTF-8"/>
    <property name="java.vm.name" value="OpenJDK 64-Bit Server VM"/>
    <property name="java.vendor.version" value="Temurin-24.0.1+9"/>
    <property name="localRepository" value="/home/vscode/.m2/repository"/>
    <property name="java.vendor.url.bug" value="https://github.com/adoptium/adoptium-support/issues"/>
    <property name="java.io.tmpdir" value="/tmp"/>
    <property name="java.version" value="24.0.1"/>
    <property name="user.dir" value="/workspaces/group-e/automation"/>
    <property name="os.arch" value="aarch64"/>
    <property name="java.vm.specification.name" value="Java Virtual Machine Specification"/>
    <property name="native.encoding" value="UTF-8"/>
    <property name="java.library.path" value="/usr/java/packages/lib:/usr/lib64:/lib64:/lib:/usr/lib"/>
    <property name="java.vm.info" value="mixed mode, sharing"/>
    <property name="stderr.encoding" value="UTF-8"/>
    <property name="java.vendor" value="Eclipse Adoptium"/>
    <property name="java.vm.version" value="24.0.1+9"/>
    <property name="sun.io.unicode.encoding" value="UnicodeLittle"/>
    <property name="java.class.version" value="68.0"/>
  </properties>
  <testcase name="testDistributeCards" classname="edu.brandeis.cosi103a.groupe.engineTests.GameEngineTest" time="0.002"/>
  <testcase name="testCleanupPhase" classname="edu.brandeis.cosi103a.groupe.engineTests.GameEngineTest" time="0.008"/>
  <testcase name="testInitialization" classname="edu.brandeis.cosi103a.groupe.engineTests.GameEngineTest" time="0"/>
  <testcase name="testActionPhase" classname="edu.brandeis.cosi103a.groupe.engineTests.GameEngineTest" time="0.004"/>
  <testcase name="testPlayFullTurn" classname="edu.brandeis.cosi103a.groupe.engineTests.GameEngineTest" time="0.002"/>
  <testcase name="testMoneyPhase" classname="edu.brandeis.cosi103a.groupe.engineTests.GameEngineTest" time="0.002"/>
</testsuite>